{"H:\\CPSC362 PROJECT\\radiant-store\\radiant-store\\CPSC362-rthreads\\backend\\index.js": {"path":"H:\\CPSC362 PROJECT\\radiant-store\\radiant-store\\CPSC362-rthreads\\backend\\index.js","statementMap":{"0":{"start":{"line":2,"column":16},"end":{"line":2,"column":34}},"1":{"start":{"line":3,"column":13},"end":{"line":3,"column":28}},"2":{"start":{"line":5,"column":12},"end":{"line":5,"column":21}},"3":{"start":{"line":6,"column":0},"end":{"line":6,"column":16}},"4":{"start":{"line":7,"column":0},"end":{"line":7,"column":24}},"5":{"start":{"line":9,"column":17},"end":{"line":26,"column":1}},"6":{"start":{"line":28,"column":0},"end":{"line":30,"column":3}},"7":{"start":{"line":29,"column":2},"end":{"line":29,"column":21}},"8":{"start":{"line":32,"column":0},"end":{"line":36,"column":3}},"9":{"start":{"line":33,"column":21},"end":{"line":33,"column":29}},"10":{"start":{"line":34,"column":2},"end":{"line":34,"column":28}},"11":{"start":{"line":35,"column":2},"end":{"line":35,"column":35}},"12":{"start":{"line":39,"column":0},"end":{"line":44,"column":1}},"13":{"start":{"line":40,"column":15},"end":{"line":40,"column":19}},"14":{"start":{"line":41,"column":2},"end":{"line":43,"column":5}},"15":{"start":{"line":42,"column":4},"end":{"line":42,"column":62}},"16":{"start":{"line":46,"column":0},"end":{"line":46,"column":21}}},"fnMap":{"0":{"name":"(anonymous_0)","decl":{"start":{"line":28,"column":21},"end":{"line":28,"column":22}},"loc":{"start":{"line":28,"column":35},"end":{"line":30,"column":1}},"line":28},"1":{"name":"(anonymous_1)","decl":{"start":{"line":32,"column":22},"end":{"line":32,"column":23}},"loc":{"start":{"line":32,"column":36},"end":{"line":36,"column":1}},"line":32},"2":{"name":"(anonymous_2)","decl":{"start":{"line":41,"column":19},"end":{"line":41,"column":20}},"loc":{"start":{"line":41,"column":25},"end":{"line":43,"column":3}},"line":41}},"branchMap":{"0":{"loc":{"start":{"line":39,"column":0},"end":{"line":44,"column":1}},"type":"if","locations":[{"start":{"line":39,"column":0},"end":{"line":44,"column":1}},{"start":{},"end":{}}],"line":39}},"s":{"0":1,"1":1,"2":1,"3":1,"4":1,"5":1,"6":1,"7":1,"8":1,"9":1,"10":1,"11":1,"12":1,"13":0,"14":0,"15":0,"16":1},"f":{"0":1,"1":1,"2":0},"b":{"0":[0,1]},"_coverageSchema":"1a1c01bbd47fc00a2c39e90264f33305004495a9","hash":"fc256d02a147922fc00f8ab7e8bbd13d5b404007"}
}
