{"H:\\CPSC362 PROJECT\\radiant-store\\radiant-store\\CPSC362-rthreads\\backend\\index.js": {"path":"H:\\CPSC362 PROJECT\\radiant-store\\radiant-store\\CPSC362-rthreads\\backend\\index.js","statementMap":{"0":{"start":{"line":1,"column":16},"end":{"line":1,"column":34}},"1":{"start":{"line":2,"column":13},"end":{"line":2,"column":28}},"2":{"start":{"line":3,"column":13},"end":{"line":3,"column":28}},"3":{"start":{"line":4,"column":14},"end":{"line":4,"column":39}},"4":{"start":{"line":7,"column":23},"end":{"line":7,"column":92}},"5":{"start":{"line":9,"column":0},"end":{"line":11,"column":3}},"6":{"start":{"line":13,"column":11},"end":{"line":13,"column":28}},"7":{"start":{"line":15,"column":12},"end":{"line":15,"column":21}},"8":{"start":{"line":16,"column":0},"end":{"line":16,"column":16}},"9":{"start":{"line":17,"column":0},"end":{"line":17,"column":24}},"10":{"start":{"line":20,"column":0},"end":{"line":20,"column":72}},"11":{"start":{"line":21,"column":0},"end":{"line":21,"column":56}},"12":{"start":{"line":24,"column":0},"end":{"line":26,"column":3}},"13":{"start":{"line":25,"column":2},"end":{"line":25,"column":61}},"14":{"start":{"line":29,"column":0},"end":{"line":31,"column":3}},"15":{"start":{"line":30,"column":2},"end":{"line":30,"column":61}},"16":{"start":{"line":34,"column":0},"end":{"line":36,"column":3}},"17":{"start":{"line":35,"column":2},"end":{"line":35,"column":60}},"18":{"start":{"line":39,"column":0},"end":{"line":53,"column":3}},"19":{"start":{"line":40,"column":2},"end":{"line":52,"column":3}},"20":{"start":{"line":41,"column":25},"end":{"line":41,"column":34}},"21":{"start":{"line":42,"column":18},"end":{"line":44,"column":33}},"22":{"start":{"line":46,"column":21},"end":{"line":46,"column":38}},"23":{"start":{"line":47,"column":21},"end":{"line":47,"column":80}},"24":{"start":{"line":47,"column":49},"end":{"line":47,"column":78}},"25":{"start":{"line":48,"column":4},"end":{"line":48,"column":23}},"26":{"start":{"line":50,"column":4},"end":{"line":50,"column":52}},"27":{"start":{"line":51,"column":4},"end":{"line":51,"column":63}},"28":{"start":{"line":56,"column":0},"end":{"line":65,"column":3}},"29":{"start":{"line":57,"column":2},"end":{"line":64,"column":3}},"30":{"start":{"line":58,"column":23},"end":{"line":58,"column":31}},"31":{"start":{"line":59,"column":19},"end":{"line":59,"column":66}},"32":{"start":{"line":60,"column":4},"end":{"line":60,"column":59}},"33":{"start":{"line":62,"column":4},"end":{"line":62,"column":50}},"34":{"start":{"line":63,"column":4},"end":{"line":63,"column":60}},"35":{"start":{"line":68,"column":0},"end":{"line":85,"column":3}},"36":{"start":{"line":69,"column":2},"end":{"line":84,"column":3}},"37":{"start":{"line":70,"column":19},"end":{"line":70,"column":29}},"38":{"start":{"line":71,"column":24},"end":{"line":71,"column":32}},"39":{"start":{"line":72,"column":23},"end":{"line":72,"column":56}},"40":{"start":{"line":73,"column":16},"end":{"line":73,"column":38}},"41":{"start":{"line":75,"column":4},"end":{"line":77,"column":5}},"42":{"start":{"line":76,"column":6},"end":{"line":76,"column":66}},"43":{"start":{"line":79,"column":4},"end":{"line":79,"column":41}},"44":{"start":{"line":80,"column":4},"end":{"line":80,"column":37}},"45":{"start":{"line":82,"column":4},"end":{"line":82,"column":52}},"46":{"start":{"line":83,"column":4},"end":{"line":83,"column":62}},"47":{"start":{"line":88,"column":0},"end":{"line":104,"column":3}},"48":{"start":{"line":89,"column":2},"end":{"line":103,"column":3}},"49":{"start":{"line":90,"column":19},"end":{"line":90,"column":29}},"50":{"start":{"line":91,"column":23},"end":{"line":91,"column":56}},"51":{"start":{"line":92,"column":16},"end":{"line":92,"column":38}},"52":{"start":{"line":94,"column":4},"end":{"line":96,"column":5}},"53":{"start":{"line":95,"column":6},"end":{"line":95,"column":66}},"54":{"start":{"line":98,"column":4},"end":{"line":98,"column":30}},"55":{"start":{"line":99,"column":4},"end":{"line":99,"column":62}},"56":{"start":{"line":101,"column":4},"end":{"line":101,"column":52}},"57":{"start":{"line":102,"column":4},"end":{"line":102,"column":62}},"58":{"start":{"line":107,"column":13},"end":{"line":107,"column":17}},"59":{"start":{"line":108,"column":0},"end":{"line":110,"column":3}},"60":{"start":{"line":109,"column":2},"end":{"line":109,"column":66}}},"fnMap":{"0":{"name":"(anonymous_0)","decl":{"start":{"line":24,"column":18},"end":{"line":24,"column":19}},"loc":{"start":{"line":24,"column":32},"end":{"line":26,"column":1}},"line":24},"1":{"name":"(anonymous_1)","decl":{"start":{"line":29,"column":21},"end":{"line":29,"column":22}},"loc":{"start":{"line":29,"column":35},"end":{"line":31,"column":1}},"line":29},"2":{"name":"(anonymous_2)","decl":{"start":{"line":34,"column":17},"end":{"line":34,"column":18}},"loc":{"start":{"line":34,"column":31},"end":{"line":36,"column":1}},"line":34},"3":{"name":"(anonymous_3)","decl":{"start":{"line":39,"column":25},"end":{"line":39,"column":26}},"loc":{"start":{"line":39,"column":45},"end":{"line":53,"column":1}},"line":39},"4":{"name":"(anonymous_4)","decl":{"start":{"line":47,"column":39},"end":{"line":47,"column":40}},"loc":{"start":{"line":47,"column":49},"end":{"line":47,"column":78}},"line":47},"5":{"name":"(anonymous_5)","decl":{"start":{"line":56,"column":26},"end":{"line":56,"column":27}},"loc":{"start":{"line":56,"column":46},"end":{"line":65,"column":1}},"line":56},"6":{"name":"(anonymous_6)","decl":{"start":{"line":68,"column":29},"end":{"line":68,"column":30}},"loc":{"start":{"line":68,"column":49},"end":{"line":85,"column":1}},"line":68},"7":{"name":"(anonymous_7)","decl":{"start":{"line":88,"column":32},"end":{"line":88,"column":33}},"loc":{"start":{"line":88,"column":52},"end":{"line":104,"column":1}},"line":88},"8":{"name":"(anonymous_8)","decl":{"start":{"line":108,"column":17},"end":{"line":108,"column":18}},"loc":{"start":{"line":108,"column":23},"end":{"line":110,"column":1}},"line":108}},"branchMap":{"0":{"loc":{"start":{"line":42,"column":18},"end":{"line":44,"column":33}},"type":"cond-expr","locations":[{"start":{"line":43,"column":8},"end":{"line":43,"column":62}},{"start":{"line":44,"column":8},"end":{"line":44,"column":33}}],"line":42},"1":{"loc":{"start":{"line":75,"column":4},"end":{"line":77,"column":5}},"type":"if","locations":[{"start":{"line":75,"column":4},"end":{"line":77,"column":5}},{"start":{},"end":{}}],"line":75},"2":{"loc":{"start":{"line":94,"column":4},"end":{"line":96,"column":5}},"type":"if","locations":[{"start":{"line":94,"column":4},"end":{"line":96,"column":5}},{"start":{},"end":{}}],"line":94}},"s":{"0":1,"1":1,"2":1,"3":1,"4":1,"5":1,"6":1,"7":1,"8":1,"9":1,"10":1,"11":1,"12":1,"13":0,"14":1,"15":0,"16":1,"17":0,"18":1,"19":0,"20":0,"21":0,"22":0,"23":0,"24":0,"25":0,"26":0,"27":0,"28":1,"29":0,"30":0,"31":0,"32":0,"33":0,"34":0,"35":1,"36":0,"37":0,"38":0,"39":0,"40":0,"41":0,"42":0,"43":0,"44":0,"45":0,"46":0,"47":1,"48":0,"49":0,"50":0,"51":0,"52":0,"53":0,"54":0,"55":0,"56":0,"57":0,"58":1,"59":1,"60":0},"f":{"0":0,"1":0,"2":0,"3":0,"4":0,"5":0,"6":0,"7":0,"8":0},"b":{"0":[0,0],"1":[0,0],"2":[0,0]},"_coverageSchema":"1a1c01bbd47fc00a2c39e90264f33305004495a9","hash":"fd1ce74603e7f6a3d6c5e9654c71bb0cb653031c"}
}
