TN:
SF:index.js
FN:22,(anonymous_0)
FN:27,(anonymous_1)
FN:33,(anonymous_2)
FN:52,(anonymous_3)
FN:62,(anonymous_4)
FN:75,(anonymous_5)
FN:95,(anonymous_6)
FN:113,(anonymous_7)
FN:119,(anonymous_8)
FNF:9
FNH:7
FNDA:1,(anonymous_0)
FNDA:0,(anonymous_1)
FNDA:2,(anonymous_2)
FNDA:4,(anonymous_3)
FNDA:1,(anonymous_4)
FNDA:1,(anonymous_5)
FNDA:1,(anonymous_6)
FNDA:1,(anonymous_7)
FNDA:0,(anonymous_8)
DA:1,1
DA:2,1
DA:3,1
DA:4,1
DA:7,1
DA:9,1
DA:13,1
DA:15,1
DA:16,1
DA:17,1
DA:18,1
DA:19,1
DA:22,1
DA:23,1
DA:27,1
DA:28,0
DA:33,1
DA:34,2
DA:35,2
DA:37,2
DA:40,2
DA:41,1
DA:43,1
DA:46,2
DA:47,0
DA:49,2
DA:52,4
DA:53,2
DA:55,0
DA:56,0
DA:62,1
DA:63,1
DA:64,1
DA:65,1
DA:66,1
DA:67,1
DA:69,0
DA:70,0
DA:75,1
DA:76,1
DA:77,1
DA:78,1
DA:79,1
DA:80,1
DA:82,1
DA:83,0
DA:86,1
DA:87,1
DA:89,0
DA:90,0
DA:95,1
DA:96,1
DA:97,1
DA:98,1
DA:99,1
DA:101,1
DA:102,0
DA:105,1
DA:106,1
DA:108,0
DA:109,0
DA:113,1
DA:114,1
DA:117,1
DA:118,1
DA:119,0
DA:120,0
DA:124,1
LF:68
LH:54
BRDA:40,0,0,1
BRDA:40,0,1,1
BRDA:46,1,0,0
BRDA:46,1,1,2
BRDA:82,2,0,0
BRDA:82,2,1,1
BRDA:101,3,0,0
BRDA:101,3,1,1
BRDA:118,4,0,0
BRDA:118,4,1,1
BRF:10
BRH:6
end_of_record
